<?xml version="1.0" encoding="UTF-8"?>
<!-- Generated by org.testng.reporters.JUnitXMLReporter -->
<testsuite hostname="SURKUKUM-IN2" ignored="0" name="Default test" tests="3" failures="0" timestamp="2022-11-16T11:08:29 IST" time="9.884" errors="0">
  <testcase name="StringReverse" time="0.007" classname="testNG.testcase3"/>
  <testcase name="SwapTwoNumbers" time="9.85" classname="testNG.testcase3"/>
  <testcase name="countwords" time="0.001" classname="testNG.testcase3"/>
</testsuite> <!-- Default test -->
