<?xml version="1.0" encoding="UTF-8"?>
<!-- Generated by org.testng.reporters.JUnitXMLReporter -->
<testsuite hostname="SURKUKUM-IN2" ignored="0" name="Login Test" tests="3" failures="0" timestamp="2022-08-03T10:29:08 IST" time="0.038" errors="0">
  <testcase name="ValidateTitle" time="0.009" classname="testNG.testcase2"/>
  <testcase name="registerUser" time="0.0" classname="testNG.testcase1"/>
  <testcase name="login" time="0.001" classname="testNG.testcase1"/>
</testsuite> <!-- Login Test -->
