<?xml version="1.0" encoding="UTF-8"?>
<testng-results skipped="1" failed="0" ignored="0" total="5" passed="4">
  <reporter-output>
    <line>
      <![CDATA[inside login]]>
    </line>
    <line>
      <![CDATA[login success]]>
    </line>
    <line>
      <![CDATA[Login to google success]]>
    </line>
    <line>
      <![CDATA[Location of search field Success]]>
    </line>
    <line>
      <![CDATA[Serach values Success]]>
    </line>
  </reporter-output>
  <suite name="DD_Basics" duration-ms="6926" started-at="2022-09-21T13:48:49 IST" finished-at="2022-09-21T13:48:55 IST">
    <groups>
    </groups>
    <test name="LoginTest" duration-ms="3142" started-at="2022-09-21T13:48:49 IST" finished-at="2022-09-21T13:48:52 IST">
      <class name="tetstcases.LoginTest">
        <test-method status="PASS" signature="loginAsBankManager()[pri:0, instance:tetstcases.LoginTest@26adfd2d]" name="loginAsBankManager" duration-ms="3121" started-at="2022-09-21T13:48:49 IST" finished-at="2022-09-21T13:48:52 IST">
          <reporter-output>
            <line>
              <![CDATA[inside login]]>
            </line>
            <line>
              <![CDATA[login success]]>
            </line>
          </reporter-output>
        </test-method> <!-- loginAsBankManager -->
      </class> <!-- tetstcases.LoginTest -->
    </test> <!-- LoginTest -->
    <test name="AddCustomer" duration-ms="4" started-at="2022-09-21T13:48:52 IST" finished-at="2022-09-21T13:48:52 IST">
      <class name="tetstcases.AddCustomerTest">
        <test-method status="SKIP" signature="addCustomerTest(java.util.Hashtable)[pri:0, instance:tetstcases.AddCustomerTest@2e32ccc5]" name="addCustomerTest" duration-ms="0" started-at="2022-09-21T13:48:52 IST" data-provider="dp" finished-at="2022-09-21T13:48:52 IST">
          <exception class="java.lang.RuntimeException">
            <message>
              <![CDATA[java.lang.NegativeArraySizeException]]>
            </message>
            <full-stacktrace>
              <![CDATA[java.lang.RuntimeException: java.lang.NegativeArraySizeException
at org.testng.internal.invokers.MethodInvocationHelper.invokeMethodNoCheckedException(MethodInvocationHelper.java:53)
at org.testng.internal.invokers.MethodInvocationHelper.invokeDataProvider(MethodInvocationHelper.java:153)
at org.testng.internal.Parameters.handleParameters(Parameters.java:767)
at org.testng.internal.Parameters.handleParameters(Parameters.java:704)
at org.testng.internal.invokers.ParameterHandler.handleParameters(ParameterHandler.java:70)
at org.testng.internal.invokers.ParameterHandler.createParameters(ParameterHandler.java:49)
at org.testng.internal.invokers.TestInvoker$MethodInvocationAgent.invoke(TestInvoker.java:904)
at org.testng.internal.invokers.TestInvoker.invokeTestMethods(TestInvoker.java:193)
at org.testng.internal.invokers.TestMethodWorker.invokeTestMethods(TestMethodWorker.java:146)
at org.testng.internal.invokers.TestMethodWorker.run(TestMethodWorker.java:128)
at java.util.ArrayList.forEach(ArrayList.java:1257)
at org.testng.TestRunner.privateRun(TestRunner.java:808)
at org.testng.TestRunner.run(TestRunner.java:603)
at org.testng.SuiteRunner.runTest(SuiteRunner.java:429)
at org.testng.SuiteRunner.runSequentially(SuiteRunner.java:423)
at org.testng.SuiteRunner.privateRun(SuiteRunner.java:383)
at org.testng.SuiteRunner.run(SuiteRunner.java:326)
at org.testng.SuiteRunnerWorker.runSuite(SuiteRunnerWorker.java:52)
at org.testng.SuiteRunnerWorker.run(SuiteRunnerWorker.java:95)
at org.testng.TestNG.runSuitesSequentially(TestNG.java:1249)
at org.testng.TestNG.runSuitesLocally(TestNG.java:1169)
at org.testng.TestNG.runSuites(TestNG.java:1092)
at org.testng.TestNG.run(TestNG.java:1060)
at org.apache.maven.surefire.testng.TestNGExecutor.run(TestNGExecutor.java:295)
at org.apache.maven.surefire.testng.TestNGXmlTestSuite.execute(TestNGXmlTestSuite.java:84)
at org.apache.maven.surefire.testng.TestNGProvider.invoke(TestNGProvider.java:90)
at org.apache.maven.surefire.booter.ForkedBooter.invokeProviderInSameClassLoader(ForkedBooter.java:203)
at org.apache.maven.surefire.booter.ForkedBooter.runSuitesInProcess(ForkedBooter.java:155)
at org.apache.maven.surefire.booter.ForkedBooter.main(ForkedBooter.java:103)
Caused by: java.lang.NegativeArraySizeException
at utilities.TestUtil.getData(TestUtil.java:42)
at sun.reflect.NativeMethodAccessorImpl.invoke0(Native Method)
at sun.reflect.NativeMethodAccessorImpl.invoke(NativeMethodAccessorImpl.java:62)
at sun.reflect.DelegatingMethodAccessorImpl.invoke(DelegatingMethodAccessorImpl.java:43)
at java.lang.reflect.Method.invoke(Method.java:498)
at org.testng.internal.invokers.MethodInvocationHelper.invokeMethod(MethodInvocationHelper.java:135)
at org.testng.internal.invokers.MethodInvocationHelper.invokeMethod(MethodInvocationHelper.java:80)
at org.testng.internal.invokers.MethodInvocationHelper.invokeMethodNoCheckedException(MethodInvocationHelper.java:49)
... 28 more
]]>
            </full-stacktrace>
          </exception> <!-- java.lang.RuntimeException -->
          <reporter-output>
          </reporter-output>
        </test-method> <!-- addCustomerTest -->
      </class> <!-- tetstcases.AddCustomerTest -->
    </test> <!-- AddCustomer -->
    <test name="GoogleSearch" duration-ms="3714" started-at="2022-09-21T13:48:52 IST" finished-at="2022-09-21T13:48:55 IST">
      <class name="tetstcases.GoogleSearch">
        <test-method status="PASS" signature="GoogleSearch()[pri:0, instance:tetstcases.GoogleSearch@5f77d0f9]" name="GoogleSearch" duration-ms="3713" started-at="2022-09-21T13:48:52 IST" finished-at="2022-09-21T13:48:55 IST">
          <reporter-output>
            <line>
              <![CDATA[Login to google success]]>
            </line>
            <line>
              <![CDATA[Location of search field Success]]>
            </line>
            <line>
              <![CDATA[Serach values Success]]>
            </line>
          </reporter-output>
        </test-method> <!-- GoogleSearch -->
      </class> <!-- tetstcases.GoogleSearch -->
    </test> <!-- GoogleSearch -->
    <test name="testcase1" duration-ms="4" started-at="2022-09-21T13:48:55 IST" finished-at="2022-09-21T13:48:55 IST">
      <class name="tetstcases.testcase1">
        <test-method status="PASS" signature="setUp()[pri:0, instance:tetstcases.testcase1@5456afaa]" name="setUp" is-config="true" duration-ms="7151" started-at="2022-09-21T13:48:41 IST" finished-at="2022-09-21T13:48:49 IST">
          <reporter-output>
          </reporter-output>
        </test-method> <!-- setUp -->
        <test-method status="PASS" signature="CreateDBConn()[pri:0, instance:tetstcases.testcase1@5456afaa]" name="CreateDBConn" is-config="true" duration-ms="0" started-at="2022-09-21T13:48:55 IST" finished-at="2022-09-21T13:48:55 IST">
          <reporter-output>
          </reporter-output>
        </test-method> <!-- CreateDBConn -->
        <test-method status="PASS" signature="launchBrowser()[pri:0, instance:tetstcases.testcase1@5456afaa]" name="launchBrowser" is-config="true" duration-ms="0" started-at="2022-09-21T13:48:55 IST" finished-at="2022-09-21T13:48:55 IST">
          <reporter-output>
          </reporter-output>
        </test-method> <!-- launchBrowser -->
        <test-method status="PASS" signature="registerUser()[pri:1, instance:tetstcases.testcase1@5456afaa]" name="registerUser" duration-ms="0" started-at="2022-09-21T13:48:55 IST" finished-at="2022-09-21T13:48:55 IST">
          <reporter-output>
          </reporter-output>
        </test-method> <!-- registerUser -->
        <test-method status="PASS" signature="closeBrowser()[pri:0, instance:tetstcases.testcase1@5456afaa]" name="closeBrowser" is-config="true" duration-ms="1" started-at="2022-09-21T13:48:55 IST" finished-at="2022-09-21T13:48:55 IST">
          <reporter-output>
          </reporter-output>
        </test-method> <!-- closeBrowser -->
        <test-method status="PASS" signature="launchBrowser()[pri:0, instance:tetstcases.testcase1@5456afaa]" name="launchBrowser" is-config="true" duration-ms="0" started-at="2022-09-21T13:48:55 IST" finished-at="2022-09-21T13:48:55 IST">
          <reporter-output>
          </reporter-output>
        </test-method> <!-- launchBrowser -->
        <test-method status="PASS" signature="login()[pri:2, instance:tetstcases.testcase1@5456afaa]" name="login" duration-ms="1" started-at="2022-09-21T13:48:55 IST" finished-at="2022-09-21T13:48:55 IST">
          <reporter-output>
          </reporter-output>
        </test-method> <!-- login -->
        <test-method status="PASS" signature="closeBrowser()[pri:0, instance:tetstcases.testcase1@5456afaa]" name="closeBrowser" is-config="true" duration-ms="0" started-at="2022-09-21T13:48:55 IST" finished-at="2022-09-21T13:48:55 IST">
          <reporter-output>
          </reporter-output>
        </test-method> <!-- closeBrowser -->
        <test-method status="PASS" signature="CloseDBConn()[pri:0, instance:tetstcases.testcase1@5456afaa]" name="CloseDBConn" is-config="true" duration-ms="0" started-at="2022-09-21T13:48:55 IST" finished-at="2022-09-21T13:48:55 IST">
          <reporter-output>
          </reporter-output>
        </test-method> <!-- CloseDBConn -->
        <test-method status="PASS" signature="tearDown()[pri:0, instance:tetstcases.testcase1@5456afaa]" name="tearDown" is-config="true" duration-ms="748" started-at="2022-09-21T13:48:55 IST" finished-at="2022-09-21T13:48:56 IST">
          <reporter-output>
          </reporter-output>
        </test-method> <!-- tearDown -->
      </class> <!-- tetstcases.testcase1 -->
    </test> <!-- testcase1 -->
  </suite> <!-- DD_Basics -->
</testng-results>
