<?xml version="1.0" encoding="UTF-8"?>
<testsuite name="TestSuite" time="6.842" tests="5" errors="0" skipped="1" failures="0">
  <properties>
[...]
</properties>
  <testcase name="loginAsBankManager" classname="tetstcases.LoginTest" time="3.128"/>
  <testcase name="addCustomerTest" classname="tetstcases.AddCustomerTest" time="0">
    <skipped/>
  </testcase>
  <testcase name="GoogleSearch" classname="tetstcases.GoogleSearch" time="3.713"/>
  <testcase name="registerUser" classname="tetstcases.testcase1" time="0"/>
  <testcase name="login" classname="tetstcases.testcase1" time="0.001"/>
</testsuite>